c:\users\hp\source\repos\cashregistersystem\x64\debug\uic\ui_cashregistersystem.h
c:\users\hp\source\repos\cashregistersystem\x64\debug\rcc\qrc_cashregistersystem.cpp
c:\users\hp\source\repos\cashregistersystem\x64\debug\moc\moc_cashregistersystem.cpp
c:\users\hp\source\repos\cashregistersystem\x64\debug\uic\ui_login_form.h
c:\users\hp\source\repos\cashregistersystem\x64\debug\moc\moc_login_form.cpp
g:\projects\cash-register-system\cashregistersystem\x64\debug\uic\ui_cashregistersystem.h
g:\projects\cash-register-system\cashregistersystem\x64\debug\uic\ui_login_form.h
g:\projects\cash-register-system\cashregistersystem\x64\debug\rcc\qrc_cashregistersystem.cpp
g:\projects\cash-register-system\cashregistersystem\x64\debug\moc\moc_cashregistersystem.cpp
g:\projects\cash-register-system\cashregistersystem\x64\debug\moc\moc_login_form.cpp
c:\users\diaa\source\repos\cash-register-system01\cashregistersystem\x64\debug\uic\ui_cashregistersystem.h
c:\users\diaa\source\repos\cash-register-system01\cashregistersystem\x64\debug\uic\ui_login_form.h
c:\users\diaa\source\repos\cash-register-system01\cashregistersystem\x64\debug\rcc\qrc_cashregistersystem.cpp
c:\users\diaa\source\repos\cash-register-system01\cashregistersystem\x64\debug\moc\moc_cashregistersystem.cpp
c:\users\diaa\source\repos\cash-register-system01\cashregistersystem\x64\debug\moc\moc_login_form.cpp
c:\users\diaa\source\repos\cash-register-system01\cashregistersystem\x64\debug\cashregistersystem.obj
c:\users\diaa\source\repos\cash-register-system01\cashregistersystem\x64\debug\login_form.obj
c:\users\diaa\source\repos\cash-register-system01\cashregistersystem\x64\debug\main.obj
c:\users\diaa\source\repos\cash-register-system01\cashregistersystem\x64\debug\database.obj
c:\users\diaa\source\repos\cash-register-system01\cashregistersystem\x64\debug\vc143.pdb
c:\users\diaa\source\repos\cash-register-system01\cashregistersystem\x64\debug\sqlite3.obj
c:\users\diaa\source\repos\cash-register-system01\cashregistersystem\x64\debug\moc_login_form.obj
c:\users\diaa\source\repos\cash-register-system01\cashregistersystem\x64\debug\moc_cashregistersystem.obj
c:\users\diaa\source\repos\cash-register-system01\cashregistersystem\x64\debug\qrc_cashregistersystem.obj
c:\users\diaa\source\repos\cash-register-system01\cashregistersystem\x64\debug\cashregistersystem.exe
c:\users\diaa\source\repos\cash-register-system01\cashregistersystem\x64\debug\cashregistersystem.ilk
c:\users\diaa\source\repos\cash-register-system01\cashregistersystem\x64\debug\cashregistersystem.pdb
c:\users\diaa\source\repos\cash-register-system01\cashregistersystem\x64\debug\vc142.pdb
c:\users\diaa\source\repos\cash-register-system01\cashregistersystem\x64\debug\cashregi.5a256c2c.tlog\cashregistersystem.write.1u.tlog
c:\users\diaa\source\repos\cash-register-system01\cashregistersystem\x64\debug\cashregi.5a256c2c.tlog\cl.command.1.tlog
c:\users\diaa\source\repos\cash-register-system01\cashregistersystem\x64\debug\cashregi.5a256c2c.tlog\cl.read.1.tlog
c:\users\diaa\source\repos\cash-register-system01\cashregistersystem\x64\debug\cashregi.5a256c2c.tlog\cl.write.1.tlog
c:\users\diaa\source\repos\cash-register-system01\cashregistersystem\x64\debug\cashregi.5a256c2c.tlog\link.command.1.tlog
c:\users\diaa\source\repos\cash-register-system01\cashregistersystem\x64\debug\cashregi.5a256c2c.tlog\link.read.1.tlog
c:\users\diaa\source\repos\cash-register-system01\cashregistersystem\x64\debug\cashregi.5a256c2c.tlog\link.write.1.tlog
c:\users\diaa\source\repos\cash-register-system01\cashregistersystem\x64\debug\cashregi.5a256c2c.tlog\moc.read.1u.tlog
c:\users\diaa\source\repos\cash-register-system01\cashregistersystem\x64\debug\cashregi.5a256c2c.tlog\moc.write.1u.tlog
c:\users\diaa\source\repos\cash-register-system01\cashregistersystem\x64\debug\cashregi.5a256c2c.tlog\rcc.read.1u.tlog
c:\users\diaa\source\repos\cash-register-system01\cashregistersystem\x64\debug\cashregi.5a256c2c.tlog\rcc.write.1u.tlog
c:\users\diaa\source\repos\cash-register-system01\cashregistersystem\x64\debug\cashregi.5a256c2c.tlog\uic.read.1u.tlog
c:\users\diaa\source\repos\cash-register-system01\cashregistersystem\x64\debug\cashregi.5a256c2c.tlog\uic.write.1u.tlog
