  moc cashRegisterSystem.h
  CreatingAccount.cpp
  cart.cpp
  cashRegisterSystem.cpp
  login.cpp
  main.cpp
D:\Projects\cashing\cash-register-system\cashRegisterSystem\CreatingAccount.cpp(1,1): warning C4828: The file contains a character starting at offset 0x1d0 that is illegal in the current source character set (codepage 65001).
D:\Projects\cashing\cash-register-system\cashRegisterSystem\cashRegisterSystem.cpp(1,1): warning C4828: The file contains a character starting at offset 0x1b4 that is illegal in the current source character set (codepage 65001).
D:\Projects\cashing\cash-register-system\cashRegisterSystem\CreatingAccount.cpp(1,1): warning C4828: The file contains a character starting at offset 0x1d2 that is illegal in the current source character set (codepage 65001).
D:\Projects\cashing\cash-register-system\cashRegisterSystem\cashRegisterSystem.cpp(1,1): warning C4828: The file contains a character starting at offset 0x1b6 that is illegal in the current source character set (codepage 65001).
D:\Projects\cashing\cash-register-system\cashRegisterSystem\CreatingAccount.cpp(1,1): warning C4828: The file contains a character starting at offset 0x1d5 that is illegal in the current source character set (codepage 65001).
D:\Projects\cashing\cash-register-system\cashRegisterSystem\cashRegisterSystem.cpp(1,1): warning C4828: The file contains a character starting at offset 0x1b9 that is illegal in the current source character set (codepage 65001).
D:\Projects\cashing\cash-register-system\cashRegisterSystem\cashRegisterSystem.cpp(1,1): warning C4828: The file contains a character starting at offset 0x1bb that is illegal in the current source character set (codepage 65001).
D:\Projects\cashing\cash-register-system\cashRegisterSystem\CreatingAccount.cpp(1,1): warning C4828: The file contains a character starting at offset 0x1d7 that is illegal in the current source character set (codepage 65001).
D:\Projects\cashing\cash-register-system\cashRegisterSystem\cashRegisterSystem.cpp(1,1): warning C4828: The file contains a character starting at offset 0x20f that is illegal in the current source character set (codepage 65001).
D:\Projects\cashing\cash-register-system\cashRegisterSystem\CreatingAccount.cpp(1,1): warning C4828: The file contains a character starting at offset 0x241 that is illegal in the current source character set (codepage 65001).
D:\Projects\cashing\cash-register-system\cashRegisterSystem\cashRegisterSystem.cpp(1,1): warning C4828: The file contains a character starting at offset 0x211 that is illegal in the current source character set (codepage 65001).
D:\Projects\cashing\cash-register-system\cashRegisterSystem\CreatingAccount.cpp(1,1): warning C4828: The file contains a character starting at offset 0x243 that is illegal in the current source character set (codepage 65001).
D:\Projects\cashing\cash-register-system\cashRegisterSystem\cashRegisterSystem.cpp(1,1): warning C4828: The file contains a character starting at offset 0x214 that is illegal in the current source character set (codepage 65001).
D:\Projects\cashing\cash-register-system\cashRegisterSystem\CreatingAccount.cpp(1,1): warning C4828: The file contains a character starting at offset 0x246 that is illegal in the current source character set (codepage 65001).
D:\Projects\cashing\cash-register-system\cashRegisterSystem\cashRegisterSystem.cpp(1,1): warning C4828: The file contains a character starting at offset 0x256 that is illegal in the current source character set (codepage 65001).
D:\Projects\cashing\cash-register-system\cashRegisterSystem\cashRegisterSystem.cpp(1,1): warning C4828: The file contains a character starting at offset 0x258 that is illegal in the current source character set (codepage 65001).
D:\Projects\cashing\cash-register-system\cashRegisterSystem\CreatingAccount.cpp(1,1): warning C4828: The file contains a character starting at offset 0x2a8 that is illegal in the current source character set (codepage 65001).
D:\Projects\cashing\cash-register-system\cashRegisterSystem\CreatingAccount.cpp(1,1): warning C4828: The file contains a character starting at offset 0x2aa that is illegal in the current source character set (codepage 65001).
D:\Projects\cashing\cash-register-system\cashRegisterSystem\CreatingAccount.cpp(1,1): warning C4828: The file contains a character starting at offset 0x37e that is illegal in the current source character set (codepage 65001).
D:\Projects\cashing\cash-register-system\cashRegisterSystem\CreatingAccount.cpp(1,1): warning C4828: The file contains a character starting at offset 0x380 that is illegal in the current source character set (codepage 65001).
D:\Projects\cashing\cash-register-system\cashRegisterSystem\CreatingAccount.cpp(1,1): warning C4828: The file contains a character starting at offset 0x382 that is illegal in the current source character set (codepage 65001).
D:\Projects\cashing\cash-register-system\cashRegisterSystem\CreatingAccount.cpp(1,1): warning C4828: The file contains a character starting at offset 0x385 that is illegal in the current source character set (codepage 65001).
D:\Projects\cashing\cash-register-system\cashRegisterSystem\CreatingAccount.cpp(1,1): warning C4828: The file contains a character starting at offset 0x387 that is illegal in the current source character set (codepage 65001).
D:\Projects\cashing\cash-register-system\cashRegisterSystem\CreatingAccount.cpp(1,1): warning C4828: The file contains a character starting at offset 0x38b that is illegal in the current source character set (codepage 65001).
D:\Projects\cashing\cash-register-system\cashRegisterSystem\CreatingAccount.cpp(1,1): warning C4828: The file contains a character starting at offset 0x38d that is illegal in the current source character set (codepage 65001).
D:\Projects\cashing\cash-register-system\cashRegisterSystem\CreatingAccount.cpp(1,1): warning C4828: The file contains a character starting at offset 0x38f that is illegal in the current source character set (codepage 65001).
D:\Projects\cashing\cash-register-system\cashRegisterSystem\CreatingAccount.cpp(1,1): warning C4828: The file contains a character starting at offset 0x47c that is illegal in the current source character set (codepage 65001).
D:\Projects\cashing\cash-register-system\cashRegisterSystem\CreatingAccount.cpp(1,1): warning C4828: The file contains a character starting at offset 0x47e that is illegal in the current source character set (codepage 65001).
D:\Projects\cashing\cash-register-system\cashRegisterSystem\CreatingAccount.cpp(1,1): warning C4828: The file contains a character starting at offset 0x480 that is illegal in the current source character set (codepage 65001).
D:\Projects\cashing\cash-register-system\cashRegisterSystem\CreatingAccount.cpp(1,1): warning C4828: The file contains a character starting at offset 0x483 that is illegal in the current source character set (codepage 65001).
D:\Projects\cashing\cash-register-system\cashRegisterSystem\CreatingAccount.cpp(1,1): warning C4828: The file contains a character starting at offset 0x485 that is illegal in the current source character set (codepage 65001).
D:\Projects\cashing\cash-register-system\cashRegisterSystem\CreatingAccount.cpp(1,1): warning C4828: The file contains a character starting at offset 0x489 that is illegal in the current source character set (codepage 65001).
D:\Projects\cashing\cash-register-system\cashRegisterSystem\CreatingAccount.cpp(1,1): warning C4828: The file contains a character starting at offset 0x48c that is illegal in the current source character set (codepage 65001).
  moc_cashRegisterSystem.cpp
  cashRegisterSystem2.vcxproj -> D:\Projects\cashing\cash-register-system\cashRegisterSystem\x64\Debug\cashRegisterSystem2.exe
